[ 2018-03-11T19:08:16+08:00 ] ::1 /yl_blog/
INFO: [ app_init ] --START--
INFO: Run Behavior\BuildLiteBehavior [ RunTime:0.000026s ]
INFO: [ app_init ] --END-- [ RunTime:0.023467s ]
INFO: [ app_begin ] --START--
INFO: Run Behavior\ReadHtmlCacheBehavior [ RunTime:0.036101s ]
INFO: [ app_begin ] --END-- [ RunTime:0.036209s ]
SQL: SHOW COLUMNS FROM `blog_cate` [ RunTime:0.0231s ]
SQL: SELECT * FROM `blog_cate` ORDER BY sort asc  [ RunTime:0.0020s ]
SQL: SHOW COLUMNS FROM `blog_link` [ RunTime:0.0049s ]
SQL: SELECT * FROM `blog_link` ORDER BY sort asc  [ RunTime:0.0005s ]
SQL: SHOW COLUMNS FROM `blog_article` [ RunTime:0.0047s ]
SQL: SELECT COUNT(*) AS tp_count FROM `blog_article` LIMIT 1   [ RunTime:0.0028s ]
SQL: SELECT * FROM `blog_article` ORDER BY time desc LIMIT 0,10   [ RunTime:0.0007s ]
SQL: SHOW COLUMNS FROM `blog_banner` [ RunTime:0.0053s ]
SQL: SELECT * FROM `blog_banner` ORDER BY sort asc  [ RunTime:0.0004s ]
INFO: [ view_parse ] --START--
INFO: [ template_filter ] --START--
INFO: Run Behavior\ContentReplaceBehavior [ RunTime:0.001636s ]
INFO: [ template_filter ] --END-- [ RunTime:0.001708s ]
NOTIC: [8] Undefined index: catename D:\AppServ\www\yl_blog\App\Runtime\Cache\Home\00e52909bed743ea261af4b6823297ff.php 第 102 行.
NOTIC: [8] Undefined index: catename D:\AppServ\www\yl_blog\App\Runtime\Cache\Home\00e52909bed743ea261af4b6823297ff.php 第 102 行.
NOTIC: [8] Undefined index: catename D:\AppServ\www\yl_blog\App\Runtime\Cache\Home\00e52909bed743ea261af4b6823297ff.php 第 102 行.
INFO: Run Behavior\ParseTemplateBehavior [ RunTime:0.276761s ]
INFO: [ view_parse ] --END-- [ RunTime:0.276881s ]
INFO: [ view_filter ] --START--
INFO: Run Behavior\WriteHtmlCacheBehavior [ RunTime:0.021046s ]
INFO: [ view_filter ] --END-- [ RunTime:0.021122s ]
INFO: [ app_end ] --START--
INFO: Run Behavior\ShowPageTraceBehavior [ RunTime:0.021797s ]
INFO: [ app_end ] --END-- [ RunTime:0.021906s ]

[ 2018-03-11T20:11:33+08:00 ] ::1 /yl_blog/
INFO: [ app_init ] --START--
INFO: Run Behavior\BuildLiteBehavior [ RunTime:0.000025s ]
INFO: [ app_init ] --END-- [ RunTime:0.054364s ]
INFO: [ app_begin ] --START--
INFO: Run Behavior\ReadHtmlCacheBehavior [ RunTime:0.056272s ]
INFO: [ app_begin ] --END-- [ RunTime:0.056381s ]
SQL: SHOW COLUMNS FROM `blog_cate` [ RunTime:0.0439s ]
SQL: SELECT * FROM `blog_cate` ORDER BY sort asc  [ RunTime:0.0007s ]
SQL: SHOW COLUMNS FROM `blog_link` [ RunTime:0.0054s ]
SQL: SELECT * FROM `blog_link` ORDER BY sort asc  [ RunTime:0.0005s ]
SQL: SHOW COLUMNS FROM `blog_article` [ RunTime:0.0053s ]
SQL: SELECT COUNT(*) AS tp_count FROM `blog_article` LIMIT 1   [ RunTime:0.0011s ]
SQL: SELECT * FROM `blog_article` ORDER BY time desc LIMIT 0,10   [ RunTime:0.0005s ]
SQL: SHOW COLUMNS FROM `blog_banner` [ RunTime:0.0056s ]
SQL: SELECT * FROM `blog_banner` ORDER BY sort asc  [ RunTime:0.0003s ]
INFO: [ view_parse ] --START--
INFO: [ template_filter ] --START--
INFO: Run Behavior\ContentReplaceBehavior [ RunTime:0.001156s ]
INFO: [ template_filter ] --END-- [ RunTime:0.001259s ]
NOTIC: [8] Undefined index: catename D:\AppServ\www\yl_blog\App\Runtime\Cache\Home\00e52909bed743ea261af4b6823297ff.php 第 102 行.
NOTIC: [8] Undefined index: catename D:\AppServ\www\yl_blog\App\Runtime\Cache\Home\00e52909bed743ea261af4b6823297ff.php 第 102 行.
NOTIC: [8] Undefined index: catename D:\AppServ\www\yl_blog\App\Runtime\Cache\Home\00e52909bed743ea261af4b6823297ff.php 第 102 行.
INFO: Run Behavior\ParseTemplateBehavior [ RunTime:0.457333s ]
INFO: [ view_parse ] --END-- [ RunTime:0.457485s ]
INFO: [ view_filter ] --START--
INFO: Run Behavior\WriteHtmlCacheBehavior [ RunTime:0.063358s ]
INFO: [ view_filter ] --END-- [ RunTime:0.063492s ]
INFO: [ app_end ] --START--
INFO: Run Behavior\ShowPageTraceBehavior [ RunTime:0.039038s ]
INFO: [ app_end ] --END-- [ RunTime:0.039234s ]

